<?xml version="1.0" encoding="UTF-8"?>
<testsuite xmlns:xsi="http://www.w3.org/2001/XMLSchema-instance" xsi:noNamespaceSchemaLocation="https://maven.apache.org/surefire/maven-surefire-plugin/xsd/surefire-test-report-3.0.xsd" version="3.0" name="aaarunner.searchcustokerRunnerTest" time="23.909" tests="1" errors="1" skipped="0" failures="0">
  <properties>
    <property name="sun.desktop" value="windows"/>
    <property name="awt.toolkit" value="sun.awt.windows.WToolkit"/>
    <property name="file.encoding.pkg" value="sun.io"/>
    <property name="java.specification.version" value="1.8"/>
    <property name="webdriver.chrome.driver" value="C:\seleniumsetup\chromedriver_win32\chromedriver.exe"/>
    <property name="sun.cpu.isalist" value="amd64"/>
    <property name="sun.jnu.encoding" value="Cp1252"/>
    <property name="java.class.path" value="C:\Users\FANINDRA HIRAPURE\eclipse-workspace_refreshed\cucumberpractice\target\test-classes;C:\Users\FANINDRA HIRAPURE\eclipse-workspace_refreshed\cucumberpractice\target\classes;C:\Users\FANINDRA HIRAPURE\.m2\repository\io\cucumber\cucumber-java\7.7.0\cucumber-java-7.7.0.jar;C:\Users\FANINDRA HIRAPURE\.m2\repository\io\cucumber\cucumber-core\7.7.0\cucumber-core-7.7.0.jar;C:\Users\FANINDRA HIRAPURE\.m2\repository\io\cucumber\cucumber-gherkin\7.7.0\cucumber-gherkin-7.7.0.jar;C:\Users\FANINDRA HIRAPURE\.m2\repository\io\cucumber\cucumber-gherkin-messages\7.7.0\cucumber-gherkin-messages-7.7.0.jar;C:\Users\FANINDRA HIRAPURE\.m2\repository\io\cucumber\tag-expressions\4.1.0\tag-expressions-4.1.0.jar;C:\Users\FANINDRA HIRAPURE\.m2\repository\io\cucumber\cucumber-expressions\16.0.0\cucumber-expressions-16.0.0.jar;C:\Users\FANINDRA HIRAPURE\.m2\repository\io\cucumber\datatable\7.7.0\datatable-7.7.0.jar;C:\Users\FANINDRA HIRAPURE\.m2\repository\io\cucumber\cucumber-plugin\7.7.0\cucumber-plugin-7.7.0.jar;C:\Users\FANINDRA HIRAPURE\.m2\repository\io\cucumber\docstring\7.7.0\docstring-7.7.0.jar;C:\Users\FANINDRA HIRAPURE\.m2\repository\io\cucumber\html-formatter\20.0.0\html-formatter-20.0.0.jar;C:\Users\FANINDRA HIRAPURE\.m2\repository\io\cucumber\ci-environment\9.1.0\ci-environment-9.1.0.jar;C:\Users\FANINDRA HIRAPURE\.m2\repository\org\apiguardian\apiguardian-api\1.1.2\apiguardian-api-1.1.2.jar;C:\Users\FANINDRA HIRAPURE\.m2\repository\io\cucumber\cucumber-junit\7.7.0\cucumber-junit-7.7.0.jar;C:\Users\FANINDRA HIRAPURE\.m2\repository\junit\junit\4.13.2\junit-4.13.2.jar;C:\Users\FANINDRA HIRAPURE\.m2\repository\org\seleniumhq\selenium\selenium-java\4.5.0\selenium-java-4.5.0.jar;C:\Users\FANINDRA HIRAPURE\.m2\repository\org\seleniumhq\selenium\selenium-api\4.5.0\selenium-api-4.5.0.jar;C:\Users\FANINDRA HIRAPURE\.m2\repository\org\seleniumhq\selenium\selenium-chrome-driver\4.5.0\selenium-chrome-driver-4.5.0.jar;C:\Users\FANINDRA HIRAPURE\.m2\repository\com\google\auto\service\auto-service-annotations\1.0.1\auto-service-annotations-1.0.1.jar;C:\Users\FANINDRA HIRAPURE\.m2\repository\com\google\auto\service\auto-service\1.0.1\auto-service-1.0.1.jar;C:\Users\FANINDRA HIRAPURE\.m2\repository\com\google\auto\auto-common\1.2\auto-common-1.2.jar;C:\Users\FANINDRA HIRAPURE\.m2\repository\org\seleniumhq\selenium\selenium-chromium-driver\4.5.0\selenium-chromium-driver-4.5.0.jar;C:\Users\FANINDRA HIRAPURE\.m2\repository\org\seleniumhq\selenium\selenium-json\4.5.0\selenium-json-4.5.0.jar;C:\Users\FANINDRA HIRAPURE\.m2\repository\org\seleniumhq\selenium\selenium-devtools-v104\4.5.0\selenium-devtools-v104-4.5.0.jar;C:\Users\FANINDRA HIRAPURE\.m2\repository\org\seleniumhq\selenium\selenium-devtools-v105\4.5.0\selenium-devtools-v105-4.5.0.jar;C:\Users\FANINDRA HIRAPURE\.m2\repository\org\seleniumhq\selenium\selenium-devtools-v106\4.5.0\selenium-devtools-v106-4.5.0.jar;C:\Users\FANINDRA HIRAPURE\.m2\repository\org\seleniumhq\selenium\selenium-devtools-v85\4.5.0\selenium-devtools-v85-4.5.0.jar;C:\Users\FANINDRA HIRAPURE\.m2\repository\org\seleniumhq\selenium\selenium-edge-driver\4.5.0\selenium-edge-driver-4.5.0.jar;C:\Users\FANINDRA HIRAPURE\.m2\repository\org\seleniumhq\selenium\selenium-firefox-driver\4.5.0\selenium-firefox-driver-4.5.0.jar;C:\Users\FANINDRA HIRAPURE\.m2\repository\org\seleniumhq\selenium\selenium-ie-driver\4.5.0\selenium-ie-driver-4.5.0.jar;C:\Users\FANINDRA HIRAPURE\.m2\repository\org\seleniumhq\selenium\selenium-remote-driver\4.5.0\selenium-remote-driver-4.5.0.jar;C:\Users\FANINDRA HIRAPURE\.m2\repository\com\beust\jcommander\1.82\jcommander-1.82.jar;C:\Users\FANINDRA HIRAPURE\.m2\repository\io\netty\netty-buffer\4.1.79.Final\netty-buffer-4.1.79.Final.jar;C:\Users\FANINDRA HIRAPURE\.m2\repository\io\netty\netty-codec-http\4.1.79.Final\netty-codec-http-4.1.79.Final.jar;C:\Users\FANINDRA HIRAPURE\.m2\repository\io\netty\netty-codec\4.1.79.Final\netty-codec-4.1.79.Final.jar;C:\Users\FANINDRA HIRAPURE\.m2\repository\io\netty\netty-handler\4.1.79.Final\netty-handler-4.1.79.Final.jar;C:\Users\FANINDRA HIRAPURE\.m2\repository\io\netty\netty-common\4.1.79.Final\netty-common-4.1.79.Final.jar;C:\Users\FANINDRA HIRAPURE\.m2\repository\io\netty\netty-transport-classes-epoll\4.1.79.Final\netty-transport-classes-epoll-4.1.79.Final.jar;C:\Users\FANINDRA HIRAPURE\.m2\repository\io\netty\netty-transport-classes-kqueue\4.1.79.Final\netty-transport-classes-kqueue-4.1.79.Final.jar;C:\Users\FANINDRA HIRAPURE\.m2\repository\io\netty\netty-transport-native-epoll\4.1.79.Final\netty-transport-native-epoll-4.1.79.Final.jar;C:\Users\FANINDRA HIRAPURE\.m2\repository\io\netty\netty-transport-native-kqueue\4.1.79.Final\netty-transport-native-kqueue-4.1.79.Final.jar;C:\Users\FANINDRA HIRAPURE\.m2\repository\io\netty\netty-transport-native-unix-common\4.1.79.Final\netty-transport-native-unix-common-4.1.79.Final.jar;C:\Users\FANINDRA HIRAPURE\.m2\repository\io\netty\netty-transport\4.1.79.Final\netty-transport-4.1.79.Final.jar;C:\Users\FANINDRA HIRAPURE\.m2\repository\io\netty\netty-resolver\4.1.79.Final\netty-resolver-4.1.79.Final.jar;C:\Users\FANINDRA HIRAPURE\.m2\repository\io\opentelemetry\opentelemetry-api\1.17.0\opentelemetry-api-1.17.0.jar;C:\Users\FANINDRA HIRAPURE\.m2\repository\io\opentelemetry\opentelemetry-context\1.17.0\opentelemetry-context-1.17.0.jar;C:\Users\FANINDRA HIRAPURE\.m2\repository\io\opentelemetry\opentelemetry-exporter-logging\1.17.0\opentelemetry-exporter-logging-1.17.0.jar;C:\Users\FANINDRA HIRAPURE\.m2\repository\io\opentelemetry\opentelemetry-sdk-metrics\1.17.0\opentelemetry-sdk-metrics-1.17.0.jar;C:\Users\FANINDRA HIRAPURE\.m2\repository\io\opentelemetry\opentelemetry-sdk-logs\1.17.0-alpha\opentelemetry-sdk-logs-1.17.0-alpha.jar;C:\Users\FANINDRA HIRAPURE\.m2\repository\io\opentelemetry\opentelemetry-sdk-common\1.17.0\opentelemetry-sdk-common-1.17.0.jar;C:\Users\FANINDRA HIRAPURE\.m2\repository\io\opentelemetry\opentelemetry-sdk-extension-autoconfigure-spi\1.17.0\opentelemetry-sdk-extension-autoconfigure-spi-1.17.0.jar;C:\Users\FANINDRA HIRAPURE\.m2\repository\io\opentelemetry\opentelemetry-sdk-extension-autoconfigure\1.17.0-alpha\opentelemetry-sdk-extension-autoconfigure-1.17.0-alpha.jar;C:\Users\FANINDRA HIRAPURE\.m2\repository\io\opentelemetry\opentelemetry-exporter-common\1.17.0\opentelemetry-exporter-common-1.17.0.jar;C:\Users\FANINDRA HIRAPURE\.m2\repository\io\opentelemetry\opentelemetry-sdk-trace\1.17.0\opentelemetry-sdk-trace-1.17.0.jar;C:\Users\FANINDRA HIRAPURE\.m2\repository\io\opentelemetry\opentelemetry-sdk\1.17.0\opentelemetry-sdk-1.17.0.jar;C:\Users\FANINDRA HIRAPURE\.m2\repository\io\opentelemetry\opentelemetry-semconv\1.17.0-alpha\opentelemetry-semconv-1.17.0-alpha.jar;C:\Users\FANINDRA HIRAPURE\.m2\repository\io\ous\jtoml\2.0.0\jtoml-2.0.0.jar;C:\Users\FANINDRA HIRAPURE\.m2\repository\net\bytebuddy\byte-buddy\1.12.14\byte-buddy-1.12.14.jar;C:\Users\FANINDRA HIRAPURE\.m2\repository\org\apache\commons\commons-exec\1.3\commons-exec-1.3.jar;C:\Users\FANINDRA HIRAPURE\.m2\repository\org\asynchttpclient\async-http-client\2.12.3\async-http-client-2.12.3.jar;C:\Users\FANINDRA HIRAPURE\.m2\repository\org\asynchttpclient\async-http-client-netty-utils\2.12.3\async-http-client-netty-utils-2.12.3.jar;C:\Users\FANINDRA HIRAPURE\.m2\repository\io\netty\netty-codec-socks\4.1.60.Final\netty-codec-socks-4.1.60.Final.jar;C:\Users\FANINDRA HIRAPURE\.m2\repository\io\netty\netty-handler-proxy\4.1.60.Final\netty-handler-proxy-4.1.60.Final.jar;C:\Users\FANINDRA HIRAPURE\.m2\repository\io\netty\netty-transport-native-epoll\4.1.60.Final\netty-transport-native-epoll-4.1.60.Final-linux-x86_64.jar;C:\Users\FANINDRA HIRAPURE\.m2\repository\io\netty\netty-transport-native-kqueue\4.1.60.Final\netty-transport-native-kqueue-4.1.60.Final-osx-x86_64.jar;C:\Users\FANINDRA HIRAPURE\.m2\repository\org\reactivestreams\reactive-streams\1.0.3\reactive-streams-1.0.3.jar;C:\Users\FANINDRA HIRAPURE\.m2\repository\com\typesafe\netty\netty-reactive-streams\2.0.4\netty-reactive-streams-2.0.4.jar;C:\Users\FANINDRA HIRAPURE\.m2\repository\com\sun\activation\jakarta.activation\1.2.2\jakarta.activation-1.2.2.jar;C:\Users\FANINDRA HIRAPURE\.m2\repository\org\seleniumhq\selenium\selenium-http\4.5.0\selenium-http-4.5.0.jar;C:\Users\FANINDRA HIRAPURE\.m2\repository\dev\failsafe\failsafe\3.2.4\failsafe-3.2.4.jar;C:\Users\FANINDRA HIRAPURE\.m2\repository\org\seleniumhq\selenium\selenium-safari-driver\4.5.0\selenium-safari-driver-4.5.0.jar;C:\Users\FANINDRA HIRAPURE\.m2\repository\org\seleniumhq\selenium\selenium-support\4.5.0\selenium-support-4.5.0.jar;C:\Users\FANINDRA HIRAPURE\.m2\repository\org\apache\maven\plugins\maven-compiler-plugin\3.10.1\maven-compiler-plugin-3.10.1.jar;C:\Users\FANINDRA HIRAPURE\.m2\repository\org\apache\maven\shared\maven-shared-utils\3.3.4\maven-shared-utils-3.3.4.jar;C:\Users\FANINDRA HIRAPURE\.m2\repository\org\apache\maven\shared\maven-shared-incremental\1.1\maven-shared-incremental-1.1.jar;C:\Users\FANINDRA HIRAPURE\.m2\repository\org\codehaus\plexus\plexus-component-annotations\1.5.5\plexus-component-annotations-1.5.5.jar;C:\Users\FANINDRA HIRAPURE\.m2\repository\org\codehaus\plexus\plexus-java\1.1.1\plexus-java-1.1.1.jar;C:\Users\FANINDRA HIRAPURE\.m2\repository\com\thoughtworks\qdox\qdox\2.0.1\qdox-2.0.1.jar;C:\Users\FANINDRA HIRAPURE\.m2\repository\org\codehaus\plexus\plexus-compiler-api\2.11.1\plexus-compiler-api-2.11.1.jar;C:\Users\FANINDRA HIRAPURE\.m2\repository\org\codehaus\plexus\plexus-compiler-manager\2.11.1\plexus-compiler-manager-2.11.1.jar;C:\Users\FANINDRA HIRAPURE\.m2\repository\org\codehaus\plexus\plexus-compiler-javac\2.11.1\plexus-compiler-javac-2.11.1.jar;C:\Users\FANINDRA HIRAPURE\.m2\repository\io\cucumber\cucumber-html\0.2.7\cucumber-html-0.2.7.jar;C:\Users\FANINDRA HIRAPURE\.m2\repository\io\cucumber\cucumber-jvm-deps\1.0.6\cucumber-jvm-deps-1.0.6.jar;C:\Users\FANINDRA HIRAPURE\.m2\repository\net\masterthought\cucumber-reporting\5.7.4\cucumber-reporting-5.7.4.jar;C:\Users\FANINDRA HIRAPURE\.m2\repository\com\fasterxml\jackson\core\jackson-databind\2.13.2.2\jackson-databind-2.13.2.2.jar;C:\Users\FANINDRA HIRAPURE\.m2\repository\com\fasterxml\jackson\core\jackson-annotations\2.13.2\jackson-annotations-2.13.2.jar;C:\Users\FANINDRA HIRAPURE\.m2\repository\com\fasterxml\jackson\core\jackson-core\2.13.2\jackson-core-2.13.2.jar;C:\Users\FANINDRA HIRAPURE\.m2\repository\com\fasterxml\jackson\datatype\jackson-datatype-jsr310\2.13.2\jackson-datatype-jsr310-2.13.2.jar;C:\Users\FANINDRA HIRAPURE\.m2\repository\org\apache\velocity\velocity-engine-core\2.3\velocity-engine-core-2.3.jar;C:\Users\FANINDRA HIRAPURE\.m2\repository\org\apache\commons\commons-collections4\4.4\commons-collections4-4.4.jar;C:\Users\FANINDRA HIRAPURE\.m2\repository\joda-time\joda-time\2.10.14\joda-time-2.10.14.jar;C:\Users\FANINDRA HIRAPURE\.m2\repository\org\apache\commons\commons-lang3\3.12.0\commons-lang3-3.12.0.jar;C:\Users\FANINDRA HIRAPURE\.m2\repository\org\codehaus\plexus\plexus-utils\3.4.2\plexus-utils-3.4.2.jar;C:\Users\FANINDRA HIRAPURE\.m2\repository\org\jsoup\jsoup\1.15.3\jsoup-1.15.3.jar;C:\Users\FANINDRA HIRAPURE\.m2\repository\com\google\guava\guava\31.1-jre\guava-31.1-jre.jar;C:\Users\FANINDRA HIRAPURE\.m2\repository\com\google\guava\failureaccess\1.0.1\failureaccess-1.0.1.jar;C:\Users\FANINDRA HIRAPURE\.m2\repository\com\google\guava\listenablefuture\9999.0-empty-to-avoid-conflict-with-guava\listenablefuture-9999.0-empty-to-avoid-conflict-with-guava.jar;C:\Users\FANINDRA HIRAPURE\.m2\repository\com\google\code\findbugs\jsr305\3.0.2\jsr305-3.0.2.jar;C:\Users\FANINDRA HIRAPURE\.m2\repository\org\checkerframework\checker-qual\3.12.0\checker-qual-3.12.0.jar;C:\Users\FANINDRA HIRAPURE\.m2\repository\com\google\errorprone\error_prone_annotations\2.11.0\error_prone_annotations-2.11.0.jar;C:\Users\FANINDRA HIRAPURE\.m2\repository\com\google\j2objc\j2objc-annotations\1.3\j2objc-annotations-1.3.jar;C:\Users\FANINDRA HIRAPURE\.m2\repository\com\googlecode\owasp-java-html-sanitizer\owasp-java-html-sanitizer\20211018.2\owasp-java-html-sanitizer-20211018.2.jar;C:\Users\FANINDRA HIRAPURE\.m2\repository\commons-configuration\commons-configuration\1.10\commons-configuration-1.10.jar;C:\Users\FANINDRA HIRAPURE\.m2\repository\commons-lang\commons-lang\2.6\commons-lang-2.6.jar;C:\Users\FANINDRA HIRAPURE\.m2\repository\commons-logging\commons-logging\1.1.1\commons-logging-1.1.1.jar;C:\Users\FANINDRA HIRAPURE\.m2\repository\net\sourceforge\cobertura\cobertura\2.1.1\cobertura-2.1.1.jar;C:\Users\FANINDRA HIRAPURE\.m2\repository\org\ow2\asm\asm\5.0.1\asm-5.0.1.jar;C:\Users\FANINDRA HIRAPURE\.m2\repository\org\ow2\asm\asm-tree\5.0.1\asm-tree-5.0.1.jar;C:\Users\FANINDRA HIRAPURE\.m2\repository\org\ow2\asm\asm-commons\5.0.1\asm-commons-5.0.1.jar;C:\Users\FANINDRA HIRAPURE\.m2\repository\org\ow2\asm\asm-util\5.0.1\asm-util-5.0.1.jar;C:\Users\FANINDRA HIRAPURE\.m2\repository\org\ow2\asm\asm-analysis\5.0.1\asm-analysis-5.0.1.jar;C:\Users\FANINDRA HIRAPURE\.m2\repository\oro\oro\2.0.8\oro-2.0.8.jar;C:\Users\FANINDRA HIRAPURE\.m2\repository\jaxen\jaxen\1.1.4\jaxen-1.1.4.jar;C:\Users\FANINDRA HIRAPURE\.m2\repository\org\apache\ant\ant\1.8.3\ant-1.8.3.jar;C:\Users\FANINDRA HIRAPURE\.m2\repository\org\apache\ant\ant-launcher\1.8.3\ant-launcher-1.8.3.jar;C:\Users\FANINDRA HIRAPURE\.m2\repository\org\apache\ant\ant-junit\1.8.3\ant-junit-1.8.3.jar;C:\Users\FANINDRA HIRAPURE\.m2\repository\org\mortbay\jetty\servlet-api-2.5\6.1.14\servlet-api-2.5-6.1.14.jar;C:\Users\FANINDRA HIRAPURE\.m2\repository\org\mortbay\jetty\jetty\6.1.14\jetty-6.1.14.jar;C:\Users\FANINDRA HIRAPURE\.m2\repository\org\mortbay\jetty\jetty-util\6.1.14\jetty-util-6.1.14.jar;C:\Users\FANINDRA HIRAPURE\.m2\repository\org\slf4j\slf4j-api\1.7.5\slf4j-api-1.7.5.jar;C:\Users\FANINDRA HIRAPURE\.m2\repository\ch\qos\logback\logback-classic\1.0.13\logback-classic-1.0.13.jar;C:\Users\FANINDRA HIRAPURE\.m2\repository\ch\qos\logback\logback-core\1.0.13\logback-core-1.0.13.jar;C:\Users\FANINDRA HIRAPURE\.m2\repository\org\hamcrest\hamcrest-core\2.2\hamcrest-core-2.2.jar;C:\Users\FANINDRA HIRAPURE\.m2\repository\org\hamcrest\hamcrest\2.2\hamcrest-2.2.jar;C:\Users\FANINDRA HIRAPURE\.m2\repository\io\cucumber\gherkin\25.0.2\gherkin-25.0.2.jar;C:\Users\FANINDRA HIRAPURE\.m2\repository\io\cucumber\messages\19.1.4\messages-19.1.4.jar;C:\Program Files\Java\jdk1.8.0_341\lib\tools.jar;C:\Users\FANINDRA HIRAPURE\.m2\repository\log4j\log4j\1.2.17\log4j-1.2.17.jar;C:\Users\FANINDRA HIRAPURE\.m2\repository\commons-io\commons-io\2.10.0\commons-io-2.10.0.jar;C:\Users\FANINDRA HIRAPURE\.m2\repository\org\apache\logging\log4j\log4j-api\2.5\log4j-api-2.5.jar;C:\Users\FANINDRA HIRAPURE\.m2\repository\org\apache\logging\log4j\log4j-core\2.5\log4j-core-2.5.jar;"/>
    <property name="java.vm.vendor" value="Oracle Corporation"/>
    <property name="sun.arch.data.model" value="64"/>
    <property name="user.variant" value=""/>
    <property name="java.vendor.url" value="http://java.oracle.com/"/>
    <property name="user.timezone" value="Asia/Calcutta"/>
    <property name="java.vm.specification.version" value="1.8"/>
    <property name="os.name" value="Windows 11"/>
    <property name="user.country" value="IN"/>
    <property name="sun.java.launcher" value="SUN_STANDARD"/>
    <property name="sun.boot.library.path" value="C:\Program Files\Java\jdk1.8.0_341\jre\bin"/>
    <property name="sun.java.command" value="C:\Users\FANINDRA HIRAPURE\AppData\Local\Temp\surefire1531339961124274515\surefirebooter3464284320093359578.jar C:\Users\FANINDRA HIRAPURE\AppData\Local\Temp\surefire1531339961124274515 2023-01-04T23-35-35_286-jvmRun1 surefire3433239528502408958tmp surefire_06267484429680167269tmp"/>
    <property name="surefire.test.class.path" value="C:\Users\FANINDRA HIRAPURE\eclipse-workspace_refreshed\cucumberpractice\target\test-classes;C:\Users\FANINDRA HIRAPURE\eclipse-workspace_refreshed\cucumberpractice\target\classes;C:\Users\FANINDRA HIRAPURE\.m2\repository\io\cucumber\cucumber-java\7.7.0\cucumber-java-7.7.0.jar;C:\Users\FANINDRA HIRAPURE\.m2\repository\io\cucumber\cucumber-core\7.7.0\cucumber-core-7.7.0.jar;C:\Users\FANINDRA HIRAPURE\.m2\repository\io\cucumber\cucumber-gherkin\7.7.0\cucumber-gherkin-7.7.0.jar;C:\Users\FANINDRA HIRAPURE\.m2\repository\io\cucumber\cucumber-gherkin-messages\7.7.0\cucumber-gherkin-messages-7.7.0.jar;C:\Users\FANINDRA HIRAPURE\.m2\repository\io\cucumber\tag-expressions\4.1.0\tag-expressions-4.1.0.jar;C:\Users\FANINDRA HIRAPURE\.m2\repository\io\cucumber\cucumber-expressions\16.0.0\cucumber-expressions-16.0.0.jar;C:\Users\FANINDRA HIRAPURE\.m2\repository\io\cucumber\datatable\7.7.0\datatable-7.7.0.jar;C:\Users\FANINDRA HIRAPURE\.m2\repository\io\cucumber\cucumber-plugin\7.7.0\cucumber-plugin-7.7.0.jar;C:\Users\FANINDRA HIRAPURE\.m2\repository\io\cucumber\docstring\7.7.0\docstring-7.7.0.jar;C:\Users\FANINDRA HIRAPURE\.m2\repository\io\cucumber\html-formatter\20.0.0\html-formatter-20.0.0.jar;C:\Users\FANINDRA HIRAPURE\.m2\repository\io\cucumber\ci-environment\9.1.0\ci-environment-9.1.0.jar;C:\Users\FANINDRA HIRAPURE\.m2\repository\org\apiguardian\apiguardian-api\1.1.2\apiguardian-api-1.1.2.jar;C:\Users\FANINDRA HIRAPURE\.m2\repository\io\cucumber\cucumber-junit\7.7.0\cucumber-junit-7.7.0.jar;C:\Users\FANINDRA HIRAPURE\.m2\repository\junit\junit\4.13.2\junit-4.13.2.jar;C:\Users\FANINDRA HIRAPURE\.m2\repository\org\seleniumhq\selenium\selenium-java\4.5.0\selenium-java-4.5.0.jar;C:\Users\FANINDRA HIRAPURE\.m2\repository\org\seleniumhq\selenium\selenium-api\4.5.0\selenium-api-4.5.0.jar;C:\Users\FANINDRA HIRAPURE\.m2\repository\org\seleniumhq\selenium\selenium-chrome-driver\4.5.0\selenium-chrome-driver-4.5.0.jar;C:\Users\FANINDRA HIRAPURE\.m2\repository\com\google\auto\service\auto-service-annotations\1.0.1\auto-service-annotations-1.0.1.jar;C:\Users\FANINDRA HIRAPURE\.m2\repository\com\google\auto\service\auto-service\1.0.1\auto-service-1.0.1.jar;C:\Users\FANINDRA HIRAPURE\.m2\repository\com\google\auto\auto-common\1.2\auto-common-1.2.jar;C:\Users\FANINDRA HIRAPURE\.m2\repository\org\seleniumhq\selenium\selenium-chromium-driver\4.5.0\selenium-chromium-driver-4.5.0.jar;C:\Users\FANINDRA HIRAPURE\.m2\repository\org\seleniumhq\selenium\selenium-json\4.5.0\selenium-json-4.5.0.jar;C:\Users\FANINDRA HIRAPURE\.m2\repository\org\seleniumhq\selenium\selenium-devtools-v104\4.5.0\selenium-devtools-v104-4.5.0.jar;C:\Users\FANINDRA HIRAPURE\.m2\repository\org\seleniumhq\selenium\selenium-devtools-v105\4.5.0\selenium-devtools-v105-4.5.0.jar;C:\Users\FANINDRA HIRAPURE\.m2\repository\org\seleniumhq\selenium\selenium-devtools-v106\4.5.0\selenium-devtools-v106-4.5.0.jar;C:\Users\FANINDRA HIRAPURE\.m2\repository\org\seleniumhq\selenium\selenium-devtools-v85\4.5.0\selenium-devtools-v85-4.5.0.jar;C:\Users\FANINDRA HIRAPURE\.m2\repository\org\seleniumhq\selenium\selenium-edge-driver\4.5.0\selenium-edge-driver-4.5.0.jar;C:\Users\FANINDRA HIRAPURE\.m2\repository\org\seleniumhq\selenium\selenium-firefox-driver\4.5.0\selenium-firefox-driver-4.5.0.jar;C:\Users\FANINDRA HIRAPURE\.m2\repository\org\seleniumhq\selenium\selenium-ie-driver\4.5.0\selenium-ie-driver-4.5.0.jar;C:\Users\FANINDRA HIRAPURE\.m2\repository\org\seleniumhq\selenium\selenium-remote-driver\4.5.0\selenium-remote-driver-4.5.0.jar;C:\Users\FANINDRA HIRAPURE\.m2\repository\com\beust\jcommander\1.82\jcommander-1.82.jar;C:\Users\FANINDRA HIRAPURE\.m2\repository\io\netty\netty-buffer\4.1.79.Final\netty-buffer-4.1.79.Final.jar;C:\Users\FANINDRA HIRAPURE\.m2\repository\io\netty\netty-codec-http\4.1.79.Final\netty-codec-http-4.1.79.Final.jar;C:\Users\FANINDRA HIRAPURE\.m2\repository\io\netty\netty-codec\4.1.79.Final\netty-codec-4.1.79.Final.jar;C:\Users\FANINDRA HIRAPURE\.m2\repository\io\netty\netty-handler\4.1.79.Final\netty-handler-4.1.79.Final.jar;C:\Users\FANINDRA HIRAPURE\.m2\repository\io\netty\netty-common\4.1.79.Final\netty-common-4.1.79.Final.jar;C:\Users\FANINDRA HIRAPURE\.m2\repository\io\netty\netty-transport-classes-epoll\4.1.79.Final\netty-transport-classes-epoll-4.1.79.Final.jar;C:\Users\FANINDRA HIRAPURE\.m2\repository\io\netty\netty-transport-classes-kqueue\4.1.79.Final\netty-transport-classes-kqueue-4.1.79.Final.jar;C:\Users\FANINDRA HIRAPURE\.m2\repository\io\netty\netty-transport-native-epoll\4.1.79.Final\netty-transport-native-epoll-4.1.79.Final.jar;C:\Users\FANINDRA HIRAPURE\.m2\repository\io\netty\netty-transport-native-kqueue\4.1.79.Final\netty-transport-native-kqueue-4.1.79.Final.jar;C:\Users\FANINDRA HIRAPURE\.m2\repository\io\netty\netty-transport-native-unix-common\4.1.79.Final\netty-transport-native-unix-common-4.1.79.Final.jar;C:\Users\FANINDRA HIRAPURE\.m2\repository\io\netty\netty-transport\4.1.79.Final\netty-transport-4.1.79.Final.jar;C:\Users\FANINDRA HIRAPURE\.m2\repository\io\netty\netty-resolver\4.1.79.Final\netty-resolver-4.1.79.Final.jar;C:\Users\FANINDRA HIRAPURE\.m2\repository\io\opentelemetry\opentelemetry-api\1.17.0\opentelemetry-api-1.17.0.jar;C:\Users\FANINDRA HIRAPURE\.m2\repository\io\opentelemetry\opentelemetry-context\1.17.0\opentelemetry-context-1.17.0.jar;C:\Users\FANINDRA HIRAPURE\.m2\repository\io\opentelemetry\opentelemetry-exporter-logging\1.17.0\opentelemetry-exporter-logging-1.17.0.jar;C:\Users\FANINDRA HIRAPURE\.m2\repository\io\opentelemetry\opentelemetry-sdk-metrics\1.17.0\opentelemetry-sdk-metrics-1.17.0.jar;C:\Users\FANINDRA HIRAPURE\.m2\repository\io\opentelemetry\opentelemetry-sdk-logs\1.17.0-alpha\opentelemetry-sdk-logs-1.17.0-alpha.jar;C:\Users\FANINDRA HIRAPURE\.m2\repository\io\opentelemetry\opentelemetry-sdk-common\1.17.0\opentelemetry-sdk-common-1.17.0.jar;C:\Users\FANINDRA HIRAPURE\.m2\repository\io\opentelemetry\opentelemetry-sdk-extension-autoconfigure-spi\1.17.0\opentelemetry-sdk-extension-autoconfigure-spi-1.17.0.jar;C:\Users\FANINDRA HIRAPURE\.m2\repository\io\opentelemetry\opentelemetry-sdk-extension-autoconfigure\1.17.0-alpha\opentelemetry-sdk-extension-autoconfigure-1.17.0-alpha.jar;C:\Users\FANINDRA HIRAPURE\.m2\repository\io\opentelemetry\opentelemetry-exporter-common\1.17.0\opentelemetry-exporter-common-1.17.0.jar;C:\Users\FANINDRA HIRAPURE\.m2\repository\io\opentelemetry\opentelemetry-sdk-trace\1.17.0\opentelemetry-sdk-trace-1.17.0.jar;C:\Users\FANINDRA HIRAPURE\.m2\repository\io\opentelemetry\opentelemetry-sdk\1.17.0\opentelemetry-sdk-1.17.0.jar;C:\Users\FANINDRA HIRAPURE\.m2\repository\io\opentelemetry\opentelemetry-semconv\1.17.0-alpha\opentelemetry-semconv-1.17.0-alpha.jar;C:\Users\FANINDRA HIRAPURE\.m2\repository\io\ous\jtoml\2.0.0\jtoml-2.0.0.jar;C:\Users\FANINDRA HIRAPURE\.m2\repository\net\bytebuddy\byte-buddy\1.12.14\byte-buddy-1.12.14.jar;C:\Users\FANINDRA HIRAPURE\.m2\repository\org\apache\commons\commons-exec\1.3\commons-exec-1.3.jar;C:\Users\FANINDRA HIRAPURE\.m2\repository\org\asynchttpclient\async-http-client\2.12.3\async-http-client-2.12.3.jar;C:\Users\FANINDRA HIRAPURE\.m2\repository\org\asynchttpclient\async-http-client-netty-utils\2.12.3\async-http-client-netty-utils-2.12.3.jar;C:\Users\FANINDRA HIRAPURE\.m2\repository\io\netty\netty-codec-socks\4.1.60.Final\netty-codec-socks-4.1.60.Final.jar;C:\Users\FANINDRA HIRAPURE\.m2\repository\io\netty\netty-handler-proxy\4.1.60.Final\netty-handler-proxy-4.1.60.Final.jar;C:\Users\FANINDRA HIRAPURE\.m2\repository\io\netty\netty-transport-native-epoll\4.1.60.Final\netty-transport-native-epoll-4.1.60.Final-linux-x86_64.jar;C:\Users\FANINDRA HIRAPURE\.m2\repository\io\netty\netty-transport-native-kqueue\4.1.60.Final\netty-transport-native-kqueue-4.1.60.Final-osx-x86_64.jar;C:\Users\FANINDRA HIRAPURE\.m2\repository\org\reactivestreams\reactive-streams\1.0.3\reactive-streams-1.0.3.jar;C:\Users\FANINDRA HIRAPURE\.m2\repository\com\typesafe\netty\netty-reactive-streams\2.0.4\netty-reactive-streams-2.0.4.jar;C:\Users\FANINDRA HIRAPURE\.m2\repository\com\sun\activation\jakarta.activation\1.2.2\jakarta.activation-1.2.2.jar;C:\Users\FANINDRA HIRAPURE\.m2\repository\org\seleniumhq\selenium\selenium-http\4.5.0\selenium-http-4.5.0.jar;C:\Users\FANINDRA HIRAPURE\.m2\repository\dev\failsafe\failsafe\3.2.4\failsafe-3.2.4.jar;C:\Users\FANINDRA HIRAPURE\.m2\repository\org\seleniumhq\selenium\selenium-safari-driver\4.5.0\selenium-safari-driver-4.5.0.jar;C:\Users\FANINDRA HIRAPURE\.m2\repository\org\seleniumhq\selenium\selenium-support\4.5.0\selenium-support-4.5.0.jar;C:\Users\FANINDRA HIRAPURE\.m2\repository\org\apache\maven\plugins\maven-compiler-plugin\3.10.1\maven-compiler-plugin-3.10.1.jar;C:\Users\FANINDRA HIRAPURE\.m2\repository\org\apache\maven\shared\maven-shared-utils\3.3.4\maven-shared-utils-3.3.4.jar;C:\Users\FANINDRA HIRAPURE\.m2\repository\org\apache\maven\shared\maven-shared-incremental\1.1\maven-shared-incremental-1.1.jar;C:\Users\FANINDRA HIRAPURE\.m2\repository\org\codehaus\plexus\plexus-component-annotations\1.5.5\plexus-component-annotations-1.5.5.jar;C:\Users\FANINDRA HIRAPURE\.m2\repository\org\codehaus\plexus\plexus-java\1.1.1\plexus-java-1.1.1.jar;C:\Users\FANINDRA HIRAPURE\.m2\repository\com\thoughtworks\qdox\qdox\2.0.1\qdox-2.0.1.jar;C:\Users\FANINDRA HIRAPURE\.m2\repository\org\codehaus\plexus\plexus-compiler-api\2.11.1\plexus-compiler-api-2.11.1.jar;C:\Users\FANINDRA HIRAPURE\.m2\repository\org\codehaus\plexus\plexus-compiler-manager\2.11.1\plexus-compiler-manager-2.11.1.jar;C:\Users\FANINDRA HIRAPURE\.m2\repository\org\codehaus\plexus\plexus-compiler-javac\2.11.1\plexus-compiler-javac-2.11.1.jar;C:\Users\FANINDRA HIRAPURE\.m2\repository\io\cucumber\cucumber-html\0.2.7\cucumber-html-0.2.7.jar;C:\Users\FANINDRA HIRAPURE\.m2\repository\io\cucumber\cucumber-jvm-deps\1.0.6\cucumber-jvm-deps-1.0.6.jar;C:\Users\FANINDRA HIRAPURE\.m2\repository\net\masterthought\cucumber-reporting\5.7.4\cucumber-reporting-5.7.4.jar;C:\Users\FANINDRA HIRAPURE\.m2\repository\com\fasterxml\jackson\core\jackson-databind\2.13.2.2\jackson-databind-2.13.2.2.jar;C:\Users\FANINDRA HIRAPURE\.m2\repository\com\fasterxml\jackson\core\jackson-annotations\2.13.2\jackson-annotations-2.13.2.jar;C:\Users\FANINDRA HIRAPURE\.m2\repository\com\fasterxml\jackson\core\jackson-core\2.13.2\jackson-core-2.13.2.jar;C:\Users\FANINDRA HIRAPURE\.m2\repository\com\fasterxml\jackson\datatype\jackson-datatype-jsr310\2.13.2\jackson-datatype-jsr310-2.13.2.jar;C:\Users\FANINDRA HIRAPURE\.m2\repository\org\apache\velocity\velocity-engine-core\2.3\velocity-engine-core-2.3.jar;C:\Users\FANINDRA HIRAPURE\.m2\repository\org\apache\commons\commons-collections4\4.4\commons-collections4-4.4.jar;C:\Users\FANINDRA HIRAPURE\.m2\repository\joda-time\joda-time\2.10.14\joda-time-2.10.14.jar;C:\Users\FANINDRA HIRAPURE\.m2\repository\org\apache\commons\commons-lang3\3.12.0\commons-lang3-3.12.0.jar;C:\Users\FANINDRA HIRAPURE\.m2\repository\org\codehaus\plexus\plexus-utils\3.4.2\plexus-utils-3.4.2.jar;C:\Users\FANINDRA HIRAPURE\.m2\repository\org\jsoup\jsoup\1.15.3\jsoup-1.15.3.jar;C:\Users\FANINDRA HIRAPURE\.m2\repository\com\google\guava\guava\31.1-jre\guava-31.1-jre.jar;C:\Users\FANINDRA HIRAPURE\.m2\repository\com\google\guava\failureaccess\1.0.1\failureaccess-1.0.1.jar;C:\Users\FANINDRA HIRAPURE\.m2\repository\com\google\guava\listenablefuture\9999.0-empty-to-avoid-conflict-with-guava\listenablefuture-9999.0-empty-to-avoid-conflict-with-guava.jar;C:\Users\FANINDRA HIRAPURE\.m2\repository\com\google\code\findbugs\jsr305\3.0.2\jsr305-3.0.2.jar;C:\Users\FANINDRA HIRAPURE\.m2\repository\org\checkerframework\checker-qual\3.12.0\checker-qual-3.12.0.jar;C:\Users\FANINDRA HIRAPURE\.m2\repository\com\google\errorprone\error_prone_annotations\2.11.0\error_prone_annotations-2.11.0.jar;C:\Users\FANINDRA HIRAPURE\.m2\repository\com\google\j2objc\j2objc-annotations\1.3\j2objc-annotations-1.3.jar;C:\Users\FANINDRA HIRAPURE\.m2\repository\com\googlecode\owasp-java-html-sanitizer\owasp-java-html-sanitizer\20211018.2\owasp-java-html-sanitizer-20211018.2.jar;C:\Users\FANINDRA HIRAPURE\.m2\repository\commons-configuration\commons-configuration\1.10\commons-configuration-1.10.jar;C:\Users\FANINDRA HIRAPURE\.m2\repository\commons-lang\commons-lang\2.6\commons-lang-2.6.jar;C:\Users\FANINDRA HIRAPURE\.m2\repository\commons-logging\commons-logging\1.1.1\commons-logging-1.1.1.jar;C:\Users\FANINDRA HIRAPURE\.m2\repository\net\sourceforge\cobertura\cobertura\2.1.1\cobertura-2.1.1.jar;C:\Users\FANINDRA HIRAPURE\.m2\repository\org\ow2\asm\asm\5.0.1\asm-5.0.1.jar;C:\Users\FANINDRA HIRAPURE\.m2\repository\org\ow2\asm\asm-tree\5.0.1\asm-tree-5.0.1.jar;C:\Users\FANINDRA HIRAPURE\.m2\repository\org\ow2\asm\asm-commons\5.0.1\asm-commons-5.0.1.jar;C:\Users\FANINDRA HIRAPURE\.m2\repository\org\ow2\asm\asm-util\5.0.1\asm-util-5.0.1.jar;C:\Users\FANINDRA HIRAPURE\.m2\repository\org\ow2\asm\asm-analysis\5.0.1\asm-analysis-5.0.1.jar;C:\Users\FANINDRA HIRAPURE\.m2\repository\oro\oro\2.0.8\oro-2.0.8.jar;C:\Users\FANINDRA HIRAPURE\.m2\repository\jaxen\jaxen\1.1.4\jaxen-1.1.4.jar;C:\Users\FANINDRA HIRAPURE\.m2\repository\org\apache\ant\ant\1.8.3\ant-1.8.3.jar;C:\Users\FANINDRA HIRAPURE\.m2\repository\org\apache\ant\ant-launcher\1.8.3\ant-launcher-1.8.3.jar;C:\Users\FANINDRA HIRAPURE\.m2\repository\org\apache\ant\ant-junit\1.8.3\ant-junit-1.8.3.jar;C:\Users\FANINDRA HIRAPURE\.m2\repository\org\mortbay\jetty\servlet-api-2.5\6.1.14\servlet-api-2.5-6.1.14.jar;C:\Users\FANINDRA HIRAPURE\.m2\repository\org\mortbay\jetty\jetty\6.1.14\jetty-6.1.14.jar;C:\Users\FANINDRA HIRAPURE\.m2\repository\org\mortbay\jetty\jetty-util\6.1.14\jetty-util-6.1.14.jar;C:\Users\FANINDRA HIRAPURE\.m2\repository\org\slf4j\slf4j-api\1.7.5\slf4j-api-1.7.5.jar;C:\Users\FANINDRA HIRAPURE\.m2\repository\ch\qos\logback\logback-classic\1.0.13\logback-classic-1.0.13.jar;C:\Users\FANINDRA HIRAPURE\.m2\repository\ch\qos\logback\logback-core\1.0.13\logback-core-1.0.13.jar;C:\Users\FANINDRA HIRAPURE\.m2\repository\org\hamcrest\hamcrest-core\2.2\hamcrest-core-2.2.jar;C:\Users\FANINDRA HIRAPURE\.m2\repository\org\hamcrest\hamcrest\2.2\hamcrest-2.2.jar;C:\Users\FANINDRA HIRAPURE\.m2\repository\io\cucumber\gherkin\25.0.2\gherkin-25.0.2.jar;C:\Users\FANINDRA HIRAPURE\.m2\repository\io\cucumber\messages\19.1.4\messages-19.1.4.jar;C:\Program Files\Java\jdk1.8.0_341\lib\tools.jar;C:\Users\FANINDRA HIRAPURE\.m2\repository\log4j\log4j\1.2.17\log4j-1.2.17.jar;C:\Users\FANINDRA HIRAPURE\.m2\repository\commons-io\commons-io\2.10.0\commons-io-2.10.0.jar;C:\Users\FANINDRA HIRAPURE\.m2\repository\org\apache\logging\log4j\log4j-api\2.5\log4j-api-2.5.jar;C:\Users\FANINDRA HIRAPURE\.m2\repository\org\apache\logging\log4j\log4j-core\2.5\log4j-core-2.5.jar;"/>
    <property name="sun.cpu.endian" value="little"/>
    <property name="user.home" value="C:\Users\FANINDRA HIRAPURE"/>
    <property name="user.language" value="en"/>
    <property name="java.specification.vendor" value="Oracle Corporation"/>
    <property name="java.home" value="C:\Program Files\Java\jdk1.8.0_341\jre"/>
    <property name="basedir" value="C:\Users\FANINDRA HIRAPURE\eclipse-workspace_refreshed\cucumberpractice"/>
    <property name="file.separator" value="\"/>
    <property name="line.separator" value="&#10;"/>
    <property name="java.vm.specification.vendor" value="Oracle Corporation"/>
    <property name="java.specification.name" value="Java Platform API Specification"/>
    <property name="java.awt.graphicsenv" value="sun.awt.Win32GraphicsEnvironment"/>
    <property name="surefire.real.class.path" value="C:\Users\FANINDRA HIRAPURE\AppData\Local\Temp\surefire1531339961124274515\surefirebooter3464284320093359578.jar"/>
    <property name="sun.boot.class.path" value="C:\Program Files\Java\jdk1.8.0_341\jre\lib\resources.jar;C:\Program Files\Java\jdk1.8.0_341\jre\lib\rt.jar;C:\Program Files\Java\jdk1.8.0_341\jre\lib\jsse.jar;C:\Program Files\Java\jdk1.8.0_341\jre\lib\jce.jar;C:\Program Files\Java\jdk1.8.0_341\jre\lib\charsets.jar;C:\Program Files\Java\jdk1.8.0_341\jre\lib\jfr.jar;C:\Program Files\Java\jdk1.8.0_341\jre\classes"/>
    <property name="user.script" value=""/>
    <property name="sun.management.compiler" value="HotSpot 64-Bit Tiered Compilers"/>
    <property name="java.runtime.version" value="1.8.0_341-b10"/>
    <property name="user.name" value="FANINDRA HIRAPURE"/>
    <property name="path.separator" value=";"/>
    <property name="os.version" value="10.0"/>
    <property name="java.endorsed.dirs" value="C:\Program Files\Java\jdk1.8.0_341\jre\lib\endorsed"/>
    <property name="java.runtime.name" value="Java(TM) SE Runtime Environment"/>
    <property name="file.encoding" value="Cp1252"/>
    <property name="java.vm.name" value="Java HotSpot(TM) 64-Bit Server VM"/>
    <property name="localRepository" value="C:\Users\FANINDRA HIRAPURE\.m2\repository"/>
    <property name="java.vendor.url.bug" value="http://bugreport.sun.com/bugreport/"/>
    <property name="java.io.tmpdir" value="C:\Users\FANIND~1\AppData\Local\Temp\"/>
    <property name="java.version" value="1.8.0_341"/>
    <property name="user.dir" value="C:\Users\FANINDRA HIRAPURE\eclipse-workspace_refreshed\cucumberpractice"/>
    <property name="os.arch" value="amd64"/>
    <property name="java.vm.specification.name" value="Java Virtual Machine Specification"/>
    <property name="java.awt.printerjob" value="sun.awt.windows.WPrinterJob"/>
    <property name="sun.os.patch.level" value=""/>
    <property name="java.library.path" value="C:\Program Files\Java\jdk1.8.0_341\jre\bin;C:\windows\Sun\Java\bin;C:\windows\system32;C:\windows;C:\Program Files\Java\jdk1.8.0_341\bin;C:\jmeter\apache-jmeter-5.5\bin;C:\Users\FANINDRA HIRAPURE\AppData\Local\Android\Sdk\cmdline-tools\latest\bin;C:\Users\FANINDRA HIRAPURE\AppData\Local\Android\Sdk;C:\Users\FANINDRA HIRAPURE\AppData\Local\Android\Sdk\tools\bin;C:\Users\FANINDRA HIRAPURE\AppData\Local\Android\Sdk\platform-tools;C:\windows\system32;C:\windows;C:\windows\System32\Wbem;C:\windows\System32\WindowsPowerShell\v1.0\;C:\windows\System32\OpenSSH\;C:\msys64\mingw64\bin;C:\Program Files\dotnet\;C:\apache-maven-3.8.6\bin;C:\apache-maven-3.8.6\\bin;C:\apache-maven-3.8.6\;C:\Program Files\nodejs\;C:\Program Files\nodejs\node_modules;C:\Users\FANINDRA HIRAPURE\postman_practice\nodejs;C:\Program Files\MySQL\MySQL Shell 8.0\bin\;C:\Users\FANINDRA HIRAPURE\AppData\Local\Microsoft\WindowsApps;C:\msys64\mingw64\bin;C:\Users\FANINDRA HIRAPURE\AppData\Local\Programs\Microsoft VS Code\bin;C:\Users\FANINDRA HIRAPURE\AppData\Roaming\npm;."/>
    <property name="java.vm.info" value="mixed mode"/>
    <property name="java.vendor" value="Oracle Corporation"/>
    <property name="java.vm.version" value="25.341-b10"/>
    <property name="java.ext.dirs" value="C:\Program Files\Java\jdk1.8.0_341\jre\lib\ext;C:\windows\Sun\Java\lib\ext"/>
    <property name="sun.io.unicode.encoding" value="UnicodeLittle"/>
    <property name="java.class.version" value="52.0"/>
  </properties>
  <testcase name="verify login function" classname="verify nopcommerce site #2" time="23.902">
    <error message="element not interactable&#10;  (Session info: chrome=108.0.5359.125)&#10;Build info: version: &apos;4.5.0&apos;, revision: &apos;fe167b119a&apos;&#10;System info: os.name: &apos;Windows 11&apos;, os.arch: &apos;amd64&apos;, os.version: &apos;10.0&apos;, java.version: &apos;1.8.0_341&apos;&#10;Driver info: org.openqa.selenium.chrome.ChromeDriver&#10;Command: [b6648ddc23eda8714e304c88787fe135, clickElement {id=aaf829f2-cac2-49de-a4fb-a856214f50cc}]&#10;Capabilities {acceptInsecureCerts: false, browserName: chrome, browserVersion: 108.0.5359.125, chrome: {chromedriverVersion: 108.0.5359.71 (1e0e3868ee06..., userDataDir: C:\Users\FANIND~1\AppData\L...}, goog:chromeOptions: {debuggerAddress: localhost:51087}, networkConnectionEnabled: false, pageLoadStrategy: normal, platformName: WINDOWS, proxy: Proxy(), se:cdp: ws://localhost:51087/devtoo..., se:cdpVersion: 108.0.5359.125, setWindowRect: true, strictFileInteractability: false, timeouts: {implicit: 0, pageLoad: 300000, script: 30000}, unhandledPromptBehavior: dismiss and notify, webauthn:extension:credBlob: true, webauthn:extension:largeBlob: true, webauthn:virtualAuthenticators: true}&#10;Element: [[ChromeDriver: chrome on WINDOWS (b6648ddc23eda8714e304c88787fe135)] -&gt; xpath: /html/body/div[3]/aside/div/div[4]/div/div/nav/ul/li[4]/ul/li[1]/a/p]&#10;Session ID: b6648ddc23eda8714e304c88787fe135" type="org.openqa.selenium.ElementNotInteractableException"><![CDATA[org.openqa.selenium.ElementNotInteractableException: 
element not interactable
  (Session info: chrome=108.0.5359.125)
Build info: version: '4.5.0', revision: 'fe167b119a'
System info: os.name: 'Windows 11', os.arch: 'amd64', os.version: '10.0', java.version: '1.8.0_341'
Driver info: org.openqa.selenium.chrome.ChromeDriver
Command: [b6648ddc23eda8714e304c88787fe135, clickElement {id=aaf829f2-cac2-49de-a4fb-a856214f50cc}]
Capabilities {acceptInsecureCerts: false, browserName: chrome, browserVersion: 108.0.5359.125, chrome: {chromedriverVersion: 108.0.5359.71 (1e0e3868ee06..., userDataDir: C:\Users\FANIND~1\AppData\L...}, goog:chromeOptions: {debuggerAddress: localhost:51087}, networkConnectionEnabled: false, pageLoadStrategy: normal, platformName: WINDOWS, proxy: Proxy(), se:cdp: ws://localhost:51087/devtoo..., se:cdpVersion: 108.0.5359.125, setWindowRect: true, strictFileInteractability: false, timeouts: {implicit: 0, pageLoad: 300000, script: 30000}, unhandledPromptBehavior: dismiss and notify, webauthn:extension:credBlob: true, webauthn:extension:largeBlob: true, webauthn:virtualAuthenticators: true}
Element: [[ChromeDriver: chrome on WINDOWS (b6648ddc23eda8714e304c88787fe135)] -> xpath: /html/body/div[3]/aside/div/div[4]/div/div/nav/ul/li[4]/ul/li[1]/a/p]
Session ID: b6648ddc23eda8714e304c88787fe135
]]></error>
    <system-out><![CDATA[[DEBUG] Using new Channel '[id: 0x374201d8, L:/127.0.0.1:51086 - R:localhost/127.0.0.1:49317]' for 'POST' to '/session'
[DEBUG] 

Request DefaultHttpRequest(decodeResult: success, version: HTTP/1.1)
POST /session HTTP/1.1
User-Agent: selenium/4.5.0 (java windows)
Content-Length: 365
Content-Type: application/json; charset=utf-8
host: localhost:49317
accept: */*

Response DefaultHttpResponse(decodeResult: success, version: HTTP/1.1)
HTTP/1.1 200 OK
Content-Type: application/json; charset=utf-8
cache-control: no-cache
content-length: 794

[DEBUG] Adding key: http://localhost:49317 for channel [id: 0x374201d8, L:/127.0.0.1:51086 - R:localhost/127.0.0.1:49317]
[DEBUG] Using new Channel '[id: 0x2095eec2, L:/127.0.0.1:51093 - R:localhost/127.0.0.1:51087]' for 'GET' to '/json/version'
[DEBUG] 

Request DefaultFullHttpRequest(decodeResult: success, version: HTTP/1.1, content: EmptyByteBufBE)
GET /json/version HTTP/1.1
User-Agent: selenium/4.5.0 (java windows)
host: localhost:51087
accept: */*

Response DefaultHttpResponse(decodeResult: success, version: HTTP/1.1)
HTTP/1.1 200 OK
Content-Type: application/json; charset=UTF-8
content-length: 424

[DEBUG] Adding key: http://localhost:51087 for channel [id: 0x2095eec2, L:/127.0.0.1:51093 - R:localhost/127.0.0.1:51087]
[DEBUG] Using new Channel '[id: 0xaf6a0e89, L:/127.0.0.1:51094 - R:localhost/127.0.0.1:51087]' for 'GET' to '/devtools/browser/15602b86-f70b-4d5b-b40c-a3d2b5fc4ace'
[DEBUG] 

Request DefaultFullHttpRequest(decodeResult: success, version: HTTP/1.1, content: EmptyByteBufBE)
GET /devtools/browser/15602b86-f70b-4d5b-b40c-a3d2b5fc4ace HTTP/1.1
upgrade: websocket
connection: upgrade
sec-websocket-key: o+njevN9lWkiQ4ev4oCJ5A==
sec-websocket-version: 13
origin: http://localhost:51087
host: localhost:51087
accept: */*
user-agent: AHC/2.1

Response DefaultHttpResponse(decodeResult: success, version: HTTP/1.1)
HTTP/1.1 101 WebSocket Protocol Handshake
Upgrade: WebSocket
Connection: Upgrade
Sec-WebSocket-Accept: MtQvyeGm3pVfjxlu+0jrQAzkKNI=

[DEBUG] Using pooled Channel '[id: 0x374201d8, L:/127.0.0.1:51086 - R:localhost/127.0.0.1:49317]' for 'POST' to 'http://localhost:49317/session/b6648ddc23eda8714e304c88787fe135/url'
[DEBUG] Using open Channel [id: 0x374201d8, L:/127.0.0.1:51086 - R:localhost/127.0.0.1:49317] for POST '/session/b6648ddc23eda8714e304c88787fe135/url'
[DEBUG] Entry count for : http://localhost:51087 : 1
[DEBUG] Entry count for : http://localhost:51087 : 1
[DEBUG] Entry count for : http://localhost:51087 : 1
[DEBUG] 

Request DefaultHttpRequest(decodeResult: success, version: HTTP/1.1)
POST /session/b6648ddc23eda8714e304c88787fe135/url HTTP/1.1
User-Agent: selenium/4.5.0 (java windows)
Content-Length: 92
Content-Type: application/json; charset=utf-8
host: localhost:49317
accept: */*

Response DefaultHttpResponse(decodeResult: success, version: HTTP/1.1)
HTTP/1.1 200 OK
Content-Type: application/json; charset=utf-8
cache-control: no-cache
content-length: 14

[DEBUG] Adding key: http://localhost:49317 for channel [id: 0x374201d8, L:/127.0.0.1:51086 - R:localhost/127.0.0.1:49317]
user launces browser ji ha
ChromeDriver: chrome on WINDOWS (b6648ddc23eda8714e304c88787fe135)
user enters url
[DEBUG] Using pooled Channel '[id: 0x374201d8, L:/127.0.0.1:51086 - R:localhost/127.0.0.1:49317]' for 'POST' to 'http://localhost:49317/session/b6648ddc23eda8714e304c88787fe135/element'
[DEBUG] Using open Channel [id: 0x374201d8, L:/127.0.0.1:51086 - R:localhost/127.0.0.1:49317] for POST '/session/b6648ddc23eda8714e304c88787fe135/element'
[DEBUG] 

Request DefaultHttpRequest(decodeResult: success, version: HTTP/1.1)
POST /session/b6648ddc23eda8714e304c88787fe135/element HTTP/1.1
User-Agent: selenium/4.5.0 (java windows)
Content-Length: 50
Content-Type: application/json; charset=utf-8
host: localhost:49317
accept: */*

Response DefaultHttpResponse(decodeResult: success, version: HTTP/1.1)
HTTP/1.1 200 OK
Content-Type: application/json; charset=utf-8
cache-control: no-cache
content-length: 88

[DEBUG] Adding key: http://localhost:49317 for channel [id: 0x374201d8, L:/127.0.0.1:51086 - R:localhost/127.0.0.1:49317]
[DEBUG] Using pooled Channel '[id: 0x374201d8, L:/127.0.0.1:51086 - R:localhost/127.0.0.1:49317]' for 'POST' to 'http://localhost:49317/session/b6648ddc23eda8714e304c88787fe135/element/cbdb7275-61a8-4a43-9342-c2224daacca2/clear'
[DEBUG] Using open Channel [id: 0x374201d8, L:/127.0.0.1:51086 - R:localhost/127.0.0.1:49317] for POST '/session/b6648ddc23eda8714e304c88787fe135/element/cbdb7275-61a8-4a43-9342-c2224daacca2/clear'
[DEBUG] 

Request DefaultHttpRequest(decodeResult: success, version: HTTP/1.1)
POST /session/b6648ddc23eda8714e304c88787fe135/element/cbdb7275-61a8-4a43-9342-c2224daacca2/clear HTTP/1.1
User-Agent: selenium/4.5.0 (java windows)
Content-Length: 50
Content-Type: application/json; charset=utf-8
host: localhost:49317
accept: */*

Response DefaultHttpResponse(decodeResult: success, version: HTTP/1.1)
HTTP/1.1 200 OK
Content-Type: application/json; charset=utf-8
cache-control: no-cache
content-length: 14

[DEBUG] Adding key: http://localhost:49317 for channel [id: 0x374201d8, L:/127.0.0.1:51086 - R:localhost/127.0.0.1:49317]
[DEBUG] Using pooled Channel '[id: 0x374201d8, L:/127.0.0.1:51086 - R:localhost/127.0.0.1:49317]' for 'POST' to 'http://localhost:49317/session/b6648ddc23eda8714e304c88787fe135/element'
[DEBUG] Using open Channel [id: 0x374201d8, L:/127.0.0.1:51086 - R:localhost/127.0.0.1:49317] for POST '/session/b6648ddc23eda8714e304c88787fe135/element'
[DEBUG] 

Request DefaultHttpRequest(decodeResult: success, version: HTTP/1.1)
POST /session/b6648ddc23eda8714e304c88787fe135/element HTTP/1.1
User-Agent: selenium/4.5.0 (java windows)
Content-Length: 50
Content-Type: application/json; charset=utf-8
host: localhost:49317
accept: */*

Response DefaultHttpResponse(decodeResult: success, version: HTTP/1.1)
HTTP/1.1 200 OK
Content-Type: application/json; charset=utf-8
cache-control: no-cache
content-length: 88

[DEBUG] Adding key: http://localhost:49317 for channel [id: 0x374201d8, L:/127.0.0.1:51086 - R:localhost/127.0.0.1:49317]
[DEBUG] Using pooled Channel '[id: 0x374201d8, L:/127.0.0.1:51086 - R:localhost/127.0.0.1:49317]' for 'POST' to 'http://localhost:49317/session/b6648ddc23eda8714e304c88787fe135/element/cbdb7275-61a8-4a43-9342-c2224daacca2/value'
[DEBUG] Using open Channel [id: 0x374201d8, L:/127.0.0.1:51086 - R:localhost/127.0.0.1:49317] for POST '/session/b6648ddc23eda8714e304c88787fe135/element/cbdb7275-61a8-4a43-9342-c2224daacca2/value'
[DEBUG] 

Request DefaultHttpRequest(decodeResult: success, version: HTTP/1.1)
POST /session/b6648ddc23eda8714e304c88787fe135/element/cbdb7275-61a8-4a43-9342-c2224daacca2/value HTTP/1.1
User-Agent: selenium/4.5.0 (java windows)
Content-Length: 271
Content-Type: application/json; charset=utf-8
host: localhost:49317
accept: */*

Response DefaultHttpResponse(decodeResult: success, version: HTTP/1.1)
HTTP/1.1 200 OK
Content-Type: application/json; charset=utf-8
cache-control: no-cache
content-length: 14

[DEBUG] Adding key: http://localhost:49317 for channel [id: 0x374201d8, L:/127.0.0.1:51086 - R:localhost/127.0.0.1:49317]
[DEBUG] Using pooled Channel '[id: 0x374201d8, L:/127.0.0.1:51086 - R:localhost/127.0.0.1:49317]' for 'POST' to 'http://localhost:49317/session/b6648ddc23eda8714e304c88787fe135/element'
[DEBUG] Using open Channel [id: 0x374201d8, L:/127.0.0.1:51086 - R:localhost/127.0.0.1:49317] for POST '/session/b6648ddc23eda8714e304c88787fe135/element'
[DEBUG] 

Request DefaultHttpRequest(decodeResult: success, version: HTTP/1.1)
POST /session/b6648ddc23eda8714e304c88787fe135/element HTTP/1.1
User-Agent: selenium/4.5.0 (java windows)
Content-Length: 53
Content-Type: application/json; charset=utf-8
host: localhost:49317
accept: */*

Response DefaultHttpResponse(decodeResult: success, version: HTTP/1.1)
HTTP/1.1 200 OK
Content-Type: application/json; charset=utf-8
cache-control: no-cache
content-length: 88

[DEBUG] Adding key: http://localhost:49317 for channel [id: 0x374201d8, L:/127.0.0.1:51086 - R:localhost/127.0.0.1:49317]
[DEBUG] Using pooled Channel '[id: 0x374201d8, L:/127.0.0.1:51086 - R:localhost/127.0.0.1:49317]' for 'POST' to 'http://localhost:49317/session/b6648ddc23eda8714e304c88787fe135/element/5065a015-9c69-4287-8818-e78e91c3828b/clear'
[DEBUG] Using open Channel [id: 0x374201d8, L:/127.0.0.1:51086 - R:localhost/127.0.0.1:49317] for POST '/session/b6648ddc23eda8714e304c88787fe135/element/5065a015-9c69-4287-8818-e78e91c3828b/clear'
[DEBUG] 

Request DefaultHttpRequest(decodeResult: success, version: HTTP/1.1)
POST /session/b6648ddc23eda8714e304c88787fe135/element/5065a015-9c69-4287-8818-e78e91c3828b/clear HTTP/1.1
User-Agent: selenium/4.5.0 (java windows)
Content-Length: 50
Content-Type: application/json; charset=utf-8
host: localhost:49317
accept: */*

Response DefaultHttpResponse(decodeResult: success, version: HTTP/1.1)
HTTP/1.1 200 OK
Content-Type: application/json; charset=utf-8
cache-control: no-cache
content-length: 14

[DEBUG] Adding key: http://localhost:49317 for channel [id: 0x374201d8, L:/127.0.0.1:51086 - R:localhost/127.0.0.1:49317]
[DEBUG] Using pooled Channel '[id: 0x374201d8, L:/127.0.0.1:51086 - R:localhost/127.0.0.1:49317]' for 'POST' to 'http://localhost:49317/session/b6648ddc23eda8714e304c88787fe135/element'
[DEBUG] Using open Channel [id: 0x374201d8, L:/127.0.0.1:51086 - R:localhost/127.0.0.1:49317] for POST '/session/b6648ddc23eda8714e304c88787fe135/element'
[DEBUG] 

Request DefaultHttpRequest(decodeResult: success, version: HTTP/1.1)
POST /session/b6648ddc23eda8714e304c88787fe135/element HTTP/1.1
User-Agent: selenium/4.5.0 (java windows)
Content-Length: 53
Content-Type: application/json; charset=utf-8
host: localhost:49317
accept: */*

Response DefaultHttpResponse(decodeResult: success, version: HTTP/1.1)
HTTP/1.1 200 OK
Content-Type: application/json; charset=utf-8
cache-control: no-cache
content-length: 88

[DEBUG] Adding key: http://localhost:49317 for channel [id: 0x374201d8, L:/127.0.0.1:51086 - R:localhost/127.0.0.1:49317]
[DEBUG] Using pooled Channel '[id: 0x374201d8, L:/127.0.0.1:51086 - R:localhost/127.0.0.1:49317]' for 'POST' to 'http://localhost:49317/session/b6648ddc23eda8714e304c88787fe135/element/5065a015-9c69-4287-8818-e78e91c3828b/value'
[DEBUG] Using open Channel [id: 0x374201d8, L:/127.0.0.1:51086 - R:localhost/127.0.0.1:49317] for POST '/session/b6648ddc23eda8714e304c88787fe135/element/5065a015-9c69-4287-8818-e78e91c3828b/value'
[DEBUG] 

Request DefaultHttpRequest(decodeResult: success, version: HTTP/1.1)
POST /session/b6648ddc23eda8714e304c88787fe135/element/5065a015-9c69-4287-8818-e78e91c3828b/value HTTP/1.1
User-Agent: selenium/4.5.0 (java windows)
Content-Length: 131
Content-Type: application/json; charset=utf-8
host: localhost:49317
accept: */*

Response DefaultHttpResponse(decodeResult: success, version: HTTP/1.1)
HTTP/1.1 200 OK
Content-Type: application/json; charset=utf-8
cache-control: no-cache
content-length: 14

[DEBUG] Adding key: http://localhost:49317 for channel [id: 0x374201d8, L:/127.0.0.1:51086 - R:localhost/127.0.0.1:49317]
[DEBUG] Using pooled Channel '[id: 0x374201d8, L:/127.0.0.1:51086 - R:localhost/127.0.0.1:49317]' for 'POST' to 'http://localhost:49317/session/b6648ddc23eda8714e304c88787fe135/element'
[DEBUG] Using open Channel [id: 0x374201d8, L:/127.0.0.1:51086 - R:localhost/127.0.0.1:49317] for POST '/session/b6648ddc23eda8714e304c88787fe135/element'
[DEBUG] 

Request DefaultHttpRequest(decodeResult: success, version: HTTP/1.1)
POST /session/b6648ddc23eda8714e304c88787fe135/element HTTP/1.1
User-Agent: selenium/4.5.0 (java windows)
Content-Length: 71
Content-Type: application/json; charset=utf-8
host: localhost:49317
accept: */*

Response DefaultHttpResponse(decodeResult: success, version: HTTP/1.1)
HTTP/1.1 200 OK
Content-Type: application/json; charset=utf-8
cache-control: no-cache
content-length: 88

[DEBUG] Adding key: http://localhost:49317 for channel [id: 0x374201d8, L:/127.0.0.1:51086 - R:localhost/127.0.0.1:49317]
[DEBUG] Using pooled Channel '[id: 0x374201d8, L:/127.0.0.1:51086 - R:localhost/127.0.0.1:49317]' for 'POST' to 'http://localhost:49317/session/b6648ddc23eda8714e304c88787fe135/element/4d8c4402-27d7-4b78-882c-9623ccca6a8d/click'
[DEBUG] Using open Channel [id: 0x374201d8, L:/127.0.0.1:51086 - R:localhost/127.0.0.1:49317] for POST '/session/b6648ddc23eda8714e304c88787fe135/element/4d8c4402-27d7-4b78-882c-9623ccca6a8d/click'
[DEBUG] Entry count for : http://localhost:51087 : 1
[DEBUG] Entry count for : http://localhost:51087 : 1
[DEBUG] Entry count for : http://localhost:51087 : 1
[DEBUG] Entry count for : http://localhost:51087 : 1
[DEBUG] Entry count for : http://localhost:51087 : 1
[DEBUG] Entry count for : http://localhost:51087 : 1
[DEBUG] 

Request DefaultHttpRequest(decodeResult: success, version: HTTP/1.1)
POST /session/b6648ddc23eda8714e304c88787fe135/element/4d8c4402-27d7-4b78-882c-9623ccca6a8d/click HTTP/1.1
User-Agent: selenium/4.5.0 (java windows)
Content-Length: 50
Content-Type: application/json; charset=utf-8
host: localhost:49317
accept: */*

Response DefaultHttpResponse(decodeResult: success, version: HTTP/1.1)
HTTP/1.1 200 OK
Content-Type: application/json; charset=utf-8
cache-control: no-cache
content-length: 14

[DEBUG] Adding key: http://localhost:49317 for channel [id: 0x374201d8, L:/127.0.0.1:51086 - R:localhost/127.0.0.1:49317]
[DEBUG] Entry count for : http://localhost:51087 : 1
[DEBUG] Entry count for : http://localhost:49317 : 1
[DEBUG] Entry count for : http://localhost:51087 : 1
[DEBUG] Entry count for : http://localhost:49317 : 1
[DEBUG] Entry count for : http://localhost:51087 : 1
[DEBUG] Entry count for : http://localhost:49317 : 1
[DEBUG] Entry count for : http://localhost:51087 : 1
[DEBUG] Entry count for : http://localhost:49317 : 1
[DEBUG] Entry count for : http://localhost:51087 : 1
[DEBUG] Entry count for : http://localhost:49317 : 1
hello jiChromeDriver: chrome on WINDOWS (b6648ddc23eda8714e304c88787fe135)
[DEBUG] Entry count for : http://localhost:51087 : 1
[DEBUG] Entry count for : http://localhost:49317 : 1
[DEBUG] Entry count for : http://localhost:51087 : 1
[DEBUG] Entry count for : http://localhost:49317 : 1
[DEBUG] Entry count for : http://localhost:51087 : 1
[DEBUG] Entry count for : http://localhost:49317 : 1
[DEBUG] Using pooled Channel '[id: 0x374201d8, L:/127.0.0.1:51086 - R:localhost/127.0.0.1:49317]' for 'POST' to 'http://localhost:49317/session/b6648ddc23eda8714e304c88787fe135/element'
[DEBUG] Using open Channel [id: 0x374201d8, L:/127.0.0.1:51086 - R:localhost/127.0.0.1:49317] for POST '/session/b6648ddc23eda8714e304c88787fe135/element'
[DEBUG] 

Request DefaultHttpRequest(decodeResult: success, version: HTTP/1.1)
POST /session/b6648ddc23eda8714e304c88787fe135/element HTTP/1.1
User-Agent: selenium/4.5.0 (java windows)
Content-Length: 89
Content-Type: application/json; charset=utf-8
host: localhost:49317
accept: */*

Response DefaultHttpResponse(decodeResult: success, version: HTTP/1.1)
HTTP/1.1 200 OK
Content-Type: application/json; charset=utf-8
cache-control: no-cache
content-length: 88

[DEBUG] Adding key: http://localhost:49317 for channel [id: 0x374201d8, L:/127.0.0.1:51086 - R:localhost/127.0.0.1:49317]
[DEBUG] Using pooled Channel '[id: 0x374201d8, L:/127.0.0.1:51086 - R:localhost/127.0.0.1:49317]' for 'POST' to 'http://localhost:49317/session/b6648ddc23eda8714e304c88787fe135/element/8e7c373d-0890-4a9a-b1a2-491c0ffc9b2d/click'
[DEBUG] Using open Channel [id: 0x374201d8, L:/127.0.0.1:51086 - R:localhost/127.0.0.1:49317] for POST '/session/b6648ddc23eda8714e304c88787fe135/element/8e7c373d-0890-4a9a-b1a2-491c0ffc9b2d/click'
[DEBUG] 

Request DefaultHttpRequest(decodeResult: success, version: HTTP/1.1)
POST /session/b6648ddc23eda8714e304c88787fe135/element/8e7c373d-0890-4a9a-b1a2-491c0ffc9b2d/click HTTP/1.1
User-Agent: selenium/4.5.0 (java windows)
Content-Length: 50
Content-Type: application/json; charset=utf-8
host: localhost:49317
accept: */*

Response DefaultHttpResponse(decodeResult: success, version: HTTP/1.1)
HTTP/1.1 200 OK
Content-Type: application/json; charset=utf-8
cache-control: no-cache
content-length: 14

[DEBUG] Adding key: http://localhost:49317 for channel [id: 0x374201d8, L:/127.0.0.1:51086 - R:localhost/127.0.0.1:49317]
[DEBUG] Using pooled Channel '[id: 0x374201d8, L:/127.0.0.1:51086 - R:localhost/127.0.0.1:49317]' for 'POST' to 'http://localhost:49317/session/b6648ddc23eda8714e304c88787fe135/element'
[DEBUG] Using open Channel [id: 0x374201d8, L:/127.0.0.1:51086 - R:localhost/127.0.0.1:49317] for POST '/session/b6648ddc23eda8714e304c88787fe135/element'
[DEBUG] 

Request DefaultHttpRequest(decodeResult: success, version: HTTP/1.1)
POST /session/b6648ddc23eda8714e304c88787fe135/element HTTP/1.1
User-Agent: selenium/4.5.0 (java windows)
Content-Length: 180
Content-Type: application/json; charset=utf-8
host: localhost:49317
accept: */*

Response DefaultHttpResponse(decodeResult: success, version: HTTP/1.1)
HTTP/1.1 200 OK
Content-Type: application/json; charset=utf-8
cache-control: no-cache
content-length: 88

[DEBUG] Adding key: http://localhost:49317 for channel [id: 0x374201d8, L:/127.0.0.1:51086 - R:localhost/127.0.0.1:49317]
[DEBUG] Using pooled Channel '[id: 0x374201d8, L:/127.0.0.1:51086 - R:localhost/127.0.0.1:49317]' for 'POST' to 'http://localhost:49317/session/b6648ddc23eda8714e304c88787fe135/element/aaf829f2-cac2-49de-a4fb-a856214f50cc/click'
[DEBUG] Using open Channel [id: 0x374201d8, L:/127.0.0.1:51086 - R:localhost/127.0.0.1:49317] for POST '/session/b6648ddc23eda8714e304c88787fe135/element/aaf829f2-cac2-49de-a4fb-a856214f50cc/click'
[DEBUG] 

Request DefaultHttpRequest(decodeResult: success, version: HTTP/1.1)
POST /session/b6648ddc23eda8714e304c88787fe135/element/aaf829f2-cac2-49de-a4fb-a856214f50cc/click HTTP/1.1
User-Agent: selenium/4.5.0 (java windows)
Content-Length: 50
Content-Type: application/json; charset=utf-8
host: localhost:49317
accept: */*

Response DefaultHttpResponse(decodeResult: success, version: HTTP/1.1)
HTTP/1.1 400 Bad Request
Content-Type: application/json; charset=utf-8
cache-control: no-cache
content-length: 893

[DEBUG] Adding key: http://localhost:49317 for channel [id: 0x374201d8, L:/127.0.0.1:51086 - R:localhost/127.0.0.1:49317]
[DEBUG] Entry count for : http://localhost:51087 : 1
[DEBUG] Entry count for : http://localhost:49317 : 1
[DEBUG] Entry count for : http://localhost:51087 : 1
[DEBUG] Entry count for : http://localhost:49317 : 1
[DEBUG] Entry count for : http://localhost:51087 : 1
[DEBUG] Entry count for : http://localhost:49317 : 1
[DEBUG] Channel Closed: [id: 0xaf6a0e89, L:/127.0.0.1:51094 ! R:localhost/127.0.0.1:51087] with attribute NettyResponseFuture{currentRetry=0,
	isDone=1,
	isCancelled=0,
	asyncHandler=org.asynchttpclient.ws.WebSocketUpgradeHandler@22d6b7f0,
	nettyRequest=org.asynchttpclient.netty.request.NettyRequest@67d42dce,
	future=java.util.concurrent.CompletableFuture@39402768[Completed normally],
	uri=ws://localhost:51087/devtools/browser/15602b86-f70b-4d5b-b40c-a3d2b5fc4ace,
	keepAlive=true,
	redirectCount=0,
	timeoutsHolder=null,
	inAuth=0,
	touch=1672855564797}
[DEBUG] Closing Channel [id: 0xaf6a0e89, L:/127.0.0.1:51094 ! R:localhost/127.0.0.1:51087] 
[DEBUG] Using pooled Channel '[id: 0x374201d8, L:/127.0.0.1:51086 - R:localhost/127.0.0.1:49317]' for 'DELETE' to 'http://localhost:49317/session/b6648ddc23eda8714e304c88787fe135'
[DEBUG] Using open Channel [id: 0x374201d8, L:/127.0.0.1:51086 - R:localhost/127.0.0.1:49317] for DELETE '/session/b6648ddc23eda8714e304c88787fe135'
[DEBUG] Unexpected I/O exception on channel [id: 0x2095eec2, L:/127.0.0.1:51093 - R:localhost/127.0.0.1:51087]
java.io.IOException: An existing connection was forcibly closed by the remote host
	at sun.nio.ch.SocketDispatcher.read0(Native Method) ~[na:1.8.0_341]
	at sun.nio.ch.SocketDispatcher.read(SocketDispatcher.java:43) ~[na:1.8.0_341]
	at sun.nio.ch.IOUtil.readIntoNativeBuffer(IOUtil.java:223) ~[na:1.8.0_341]
	at sun.nio.ch.IOUtil.read(IOUtil.java:192) ~[na:1.8.0_341]
	at sun.nio.ch.SocketChannelImpl.read(SocketChannelImpl.java:378) ~[na:1.8.0_341]
	at io.netty.buffer.PooledByteBuf.setBytes(PooledByteBuf.java:258) ~[netty-buffer-4.1.79.Final.jar:4.1.79.Final]
	at io.netty.buffer.AbstractByteBuf.writeBytes(AbstractByteBuf.java:1132) ~[netty-buffer-4.1.79.Final.jar:4.1.79.Final]
	at io.netty.channel.socket.nio.NioSocketChannel.doReadBytes(NioSocketChannel.java:357) ~[netty-transport-4.1.79.Final.jar:4.1.79.Final]
	at io.netty.channel.nio.AbstractNioByteChannel$NioByteUnsafe.read(AbstractNioByteChannel.java:151) ~[netty-transport-4.1.79.Final.jar:4.1.79.Final]
	at io.netty.channel.nio.NioEventLoop.processSelectedKey(NioEventLoop.java:722) [netty-transport-4.1.79.Final.jar:4.1.79.Final]
	at io.netty.channel.nio.NioEventLoop.processSelectedKeysOptimized(NioEventLoop.java:658) [netty-transport-4.1.79.Final.jar:4.1.79.Final]
	at io.netty.channel.nio.NioEventLoop.processSelectedKeys(NioEventLoop.java:584) [netty-transport-4.1.79.Final.jar:4.1.79.Final]
	at io.netty.channel.nio.NioEventLoop.run(NioEventLoop.java:496) [netty-transport-4.1.79.Final.jar:4.1.79.Final]
	at io.netty.util.concurrent.SingleThreadEventExecutor$4.run(SingleThreadEventExecutor.java:997) [netty-common-4.1.79.Final.jar:4.1.79.Final]
	at io.netty.util.internal.ThreadExecutorMap$2.run(ThreadExecutorMap.java:74) [netty-common-4.1.79.Final.jar:4.1.79.Final]
	at io.netty.util.concurrent.FastThreadLocalRunnable.run(FastThreadLocalRunnable.java:30) [netty-common-4.1.79.Final.jar:4.1.79.Final]
	at java.lang.Thread.run(Thread.java:750) [na:1.8.0_341]
[DEBUG] Closing Channel [id: 0x2095eec2, L:/127.0.0.1:51093 - R:localhost/127.0.0.1:51087] 
[DEBUG] Channel Closed: [id: 0x2095eec2, L:/127.0.0.1:51093 ! R:localhost/127.0.0.1:51087] with attribute DISCARD
[DEBUG] 

Request DefaultFullHttpRequest(decodeResult: success, version: HTTP/1.1, content: EmptyByteBufBE)
DELETE /session/b6648ddc23eda8714e304c88787fe135 HTTP/1.1
User-Agent: selenium/4.5.0 (java windows)
Content-Type: application/json; charset=utf-8
host: localhost:49317
accept: */*

Response DefaultHttpResponse(decodeResult: success, version: HTTP/1.1)
HTTP/1.1 200 OK
Content-Type: application/json; charset=utf-8
cache-control: no-cache
content-length: 14

[DEBUG] Adding key: http://localhost:49317 for channel [id: 0x374201d8, L:/127.0.0.1:51086 - R:localhost/127.0.0.1:49317]
[DEBUG] Channel Closed: [id: 0x374201d8, L:/127.0.0.1:51086 ! R:localhost/127.0.0.1:49317] with attribute DISCARD
[DEBUG] Entry count for : http://localhost:51087 : 1
[DEBUG] Entry count for : http://localhost:49317 : 1
[DEBUG] Adding Candidate expired Channel [id: 0x2095eec2, L:/127.0.0.1:51093 ! R:localhost/127.0.0.1:51087] isIdleTimeoutExpired=false isRemotelyClosed=true isTtlExpired=false
[DEBUG] Closing Idle Channel [id: 0x2095eec2, L:/127.0.0.1:51093 ! R:localhost/127.0.0.1:51087]
[DEBUG] Adding Candidate expired Channel [id: 0x374201d8, L:/127.0.0.1:51086 ! R:localhost/127.0.0.1:49317] isIdleTimeoutExpired=false isRemotelyClosed=true isTtlExpired=false
[DEBUG] Closing Idle Channel [id: 0x374201d8, L:/127.0.0.1:51086 ! R:localhost/127.0.0.1:49317]
[DEBUG] Closed 2 connections out of 2 in 1 ms
]]></system-out>
    <system-err><![CDATA[Starting ChromeDriver 108.0.5359.71 (1e0e3868ee06e91ad636a874420e3ca3ae3756ac-refs/branch-heads/5359@{#1016}) on port 49317
Only local connections are allowed.
Please see https://chromedriver.chromium.org/security-considerations for suggestions on keeping ChromeDriver safe.
ChromeDriver was started successfully.
Jan 04, 2023 11:36:04 PM org.openqa.selenium.remote.ProtocolHandshake createSession
INFO: Detected upstream dialect: W3C
Jan 04, 2023 11:36:04 PM org.openqa.selenium.devtools.CdpVersionFinder findNearestMatch
WARNING: Unable to find an exact match for CDP version 108, so returning the closest version found: 106
Jan 04, 2023 11:36:04 PM org.openqa.selenium.devtools.CdpVersionFinder findNearestMatch
INFO: Found CDP implementation for version 108 of 106
]]></system-err>
  </testcase>
</testsuite>